Watching for file changes with StatReloader
[16/Jun/2026 20:19:05] "GET /api/analytics/track/ HTTP/1.1" 200 15
[16/Jun/2026 20:19:05] "GET /api/analytics/homepage-visits/ HTTP/1.1" 200 18
[16/Jun/2026 20:19:05] "GET /api/analytics/homepage-visits/ HTTP/1.1" 200 18
[16/Jun/2026 20:19:05] "GET /api/analytics/track/ HTTP/1.1" 200 15
[16/Jun/2026 20:19:05] "GET /api/donors/ HTTP/1.1" 200 2
[16/Jun/2026 20:19:05] "GET /api/donors/ HTTP/1.1" 200 2
[16/Jun/2026 20:19:14] "GET /api/donors/ HTTP/1.1" 200 2
[16/Jun/2026 20:19:14] "GET /api/donors/ HTTP/1.1" 200 2
[16/Jun/2026 20:19:20] "GET /api/analytics/homepage-visits/ HTTP/1.1" 200 18
[16/Jun/2026 20:19:20] "GET /api/analytics/homepage-visits/ HTTP/1.1" 200 18
[16/Jun/2026 20:19:34] "POST /api/auth/login/ HTTP/1.1" 200 649
[16/Jun/2026 20:19:34] "GET /api/donors/ HTTP/1.1" 200 2
[16/Jun/2026 20:19:34] "GET /api/donors/ HTTP/1.1" 200 2
[16/Jun/2026 20:20:25] "POST /api/donors/ HTTP/1.1" 201 288
[16/Jun/2026 20:20:25] "GET /api/donors/ HTTP/1.1" 200 284
[16/Jun/2026 20:20:46] "GET /api/analytics/track/ HTTP/1.1" 200 15
[16/Jun/2026 20:20:46] "GET /api/donors/ HTTP/1.1" 200 284
[16/Jun/2026 20:20:46] "GET /api/analytics/track/ HTTP/1.1" 200 15
[16/Jun/2026 20:20:46] "GET /api/donors/ HTTP/1.1" 200 284
[16/Jun/2026 20:20:53] "GET /api/event-photos/ HTTP/1.1" 200 2
[16/Jun/2026 20:20:53] "GET /api/event-photos/ HTTP/1.1" 200 2
[16/Jun/2026 20:21:09] "GET /api/analytics/track/ HTTP/1.1" 200 15
[16/Jun/2026 20:21:09] "GET /api/donors/ HTTP/1.1" 200 284
[16/Jun/2026 20:21:09] "GET /api/donors/ HTTP/1.1" 200 284
[16/Jun/2026 20:21:09] "GET /api/analytics/track/ HTTP/1.1" 200 15
[16/Jun/2026 20:21:18] "GET /api/donors/ HTTP/1.1" 200 284
[16/Jun/2026 20:21:18] "GET /api/donors/ HTTP/1.1" 200 284
[16/Jun/2026 20:21:28] "GET /api/analytics/track/ HTTP/1.1" 200 15
[16/Jun/2026 20:21:28] "GET /api/donors/ HTTP/1.1" 200 284
[16/Jun/2026 20:21:28] "GET /api/analytics/track/ HTTP/1.1" 200 15
[16/Jun/2026 20:21:28] "GET /api/donors/ HTTP/1.1" 200 284
